<?xml version="1.0" encoding="UTF-8"?><testsuite failures="0" name="cucumber.runtime.formatter.JUnitFormatter" skipped="0" tests="1" time="6.056181">
<testcase classname="Free CRM login Feature" name="Free CRM Login Test Scenario" time="6.056181">
<system-out><![CDATA[Given User is already on login page.........................................passed
When Title of login page is CRMPRO - CRM software for customer relationship management, sales, and support..passed
Then User enters "azimovmuradjan" and "mura9780879".........................passed
Then User clicks on login botton............................................passed
Then User on home page......................................................passed
And Quit the chrome.........................................................passed
]]></system-out>
</testcase>
</testsuite>
